<?xml version="1.0" encoding="UTF-8"?>
<!-- Generated by org.testng.reporters.JUnitReportReporter -->
<testsuite hostname="AH-LOAN-167" name="testcases.DemoAutomation" tests="22" failures="0" timestamp="5 Jul 2020 01:56:03 GMT" time="8.954" errors="0">
  <testcase name="Register" time="1.291" classname="testcases.DemoAutomation"/>
  <testcase name="Register" time="0.106" classname="testcases.DemoAutomation"/>
  <testcase name="Register" time="0.380" classname="testcases.DemoAutomation"/>
  <testcase name="Register" time="0.418" classname="testcases.DemoAutomation"/>
  <testcase name="Register" time="0.418" classname="testcases.DemoAutomation"/>
  <testcase name="Register" time="0.451" classname="testcases.DemoAutomation"/>
  <testcase name="Register" time="0.117" classname="testcases.DemoAutomation"/>
  <testcase name="Register" time="0.246" classname="testcases.DemoAutomation"/>
  <testcase name="Register" time="0.175" classname="testcases.DemoAutomation"/>
  <testcase name="Register" time="0.398" classname="testcases.DemoAutomation"/>
  <testcase name="Register" time="0.433" classname="testcases.DemoAutomation"/>
  <testcase name="Register" time="0.187" classname="testcases.DemoAutomation"/>
  <testcase name="Register" time="0.127" classname="testcases.DemoAutomation"/>
  <testcase name="Register" time="0.079" classname="testcases.DemoAutomation"/>
  <testcase name="Register" time="0.195" classname="testcases.DemoAutomation"/>
  <testcase name="Register" time="0.483" classname="testcases.DemoAutomation"/>
  <testcase name="Register" time="2.126" classname="testcases.DemoAutomation"/>
  <testcase name="Register" time="0.155" classname="testcases.DemoAutomation"/>
  <testcase name="Register" time="0.482" classname="testcases.DemoAutomation"/>
  <testcase name="Register" time="0.129" classname="testcases.DemoAutomation"/>
  <testcase name="Register" time="0.433" classname="testcases.DemoAutomation"/>
  <testcase name="Register" time="0.125" classname="testcases.DemoAutomation"/>
</testsuite> <!-- testcases.DemoAutomation -->
