<?xml version="1.0" encoding="UTF-8"?>
<!-- Generated by org.testng.reporters.JUnitReportReporter -->
<testsuite hostname="AH-LOAN-167" name="testcases.DemoBorland" tests="21" failures="0" timestamp="7 Jul 2020 15:41:48 GMT" time="6.204" errors="0">
  <testcase name="EnterGMO" time="0.083" classname="testcases.DemoBorland"/>
  <testcase name="EnterGMO" time="0.163" classname="testcases.DemoBorland"/>
  <testcase name="EnterGMO" time="0.112" classname="testcases.DemoBorland"/>
  <testcase name="EnterGMO" time="0.149" classname="testcases.DemoBorland"/>
  <testcase name="EnterGMO" time="0.110" classname="testcases.DemoBorland"/>
  <testcase name="EnterGMO" time="0.196" classname="testcases.DemoBorland"/>
  <testcase name="EnterGMO" time="0.857" classname="testcases.DemoBorland"/>
  <testcase name="EnterGMO" time="0.153" classname="testcases.DemoBorland"/>
  <testcase name="AboutGMO" time="0.793" classname="testcases.DemoBorland"/>
  <testcase name="EnterGMO" time="0.160" classname="testcases.DemoBorland"/>
  <testcase name="EnterGMO" time="0.105" classname="testcases.DemoBorland"/>
  <testcase name="EnterGMO" time="0.073" classname="testcases.DemoBorland"/>
  <testcase name="EnterGMO" time="0.156" classname="testcases.DemoBorland"/>
  <testcase name="EnterGMO" time="0.498" classname="testcases.DemoBorland"/>
  <testcase name="EnterGMO" time="0.091" classname="testcases.DemoBorland"/>
  <testcase name="EnterGMO" time="0.173" classname="testcases.DemoBorland"/>
  <testcase name="EnterGMO" time="0.695" classname="testcases.DemoBorland"/>
  <testcase name="EnterGMO" time="0.227" classname="testcases.DemoBorland"/>
  <testcase name="EnterGMO" time="0.718" classname="testcases.DemoBorland"/>
  <testcase name="EnterGMO" time="0.080" classname="testcases.DemoBorland"/>
  <testcase name="EnterGMO" time="0.612" classname="testcases.DemoBorland"/>
</testsuite> <!-- testcases.DemoBorland -->
