<?xml version="1.0" encoding="UTF-8"?>
<!-- Generated by org.testng.reporters.JUnitReportReporter -->
<testsuite hostname="AH-LOAN-167" name="skeleton.Testparameter" tests="1" failures="0" timestamp="26 Jun 2020 02:45:38 GMT" time="1.389" errors="0">
  <testcase name="Billing" time="1.389" classname="skeleton.Testparameter"/>
</testsuite> <!-- skeleton.Testparameter -->
