<?xml version="1.0" encoding="UTF-8"?>
<!-- Generated by org.testng.reporters.JUnitReportReporter -->
<testsuite hostname="AH-LOAN-167" name="skeleton.TestDependsOn" tests="2" failures="0" timestamp="26 Jun 2020 02:45:38 GMT" time="0.932" errors="0">
  <testcase name="EnterQty" time="0.607" classname="skeleton.TestDependsOn"/>
  <testcase name="proceedorder" time="0.325" classname="skeleton.TestDependsOn"/>
</testsuite> <!-- skeleton.TestDependsOn -->
