<?xml version="1.0" encoding="UTF-8"?>
<!-- Generated by org.testng.reporters.JUnitReportReporter -->
<testsuite hostname="AH-LOAN-167" name="skeleton.TestInocationCount" tests="1" failures="0" timestamp="26 Jun 2020 02:45:38 GMT" time="0.483" errors="0">
  <testcase name="About" time="0.483" classname="skeleton.TestInocationCount"/>
</testsuite> <!-- skeleton.TestInocationCount -->
