<?xml version="1.0" encoding="UTF-8"?>
<!-- Generated by org.testng.reporters.JUnitReportReporter -->
<testsuite hostname="AH-LOAN-167" name="skeleton.TestPriority" tests="1" failures="0" timestamp="26 Jun 2020 02:45:38 GMT" time="0.491" errors="0">
  <testcase name="EnterGMO" time="0.491" classname="skeleton.TestPriority"/>
</testsuite> <!-- skeleton.TestPriority -->
